Build started 2/1/2017 4:26:34 PM.
     1>Project "C:\Cult Game Dev\Cult-Game\SDL_Base\SDL_Base\SDL_Base.vcxproj" on node 2 (Build target(s)).
     1>ClCompile:
         F:\Program Files (x86)\Microsoft Visual Studio 11.0\VC\bin\CL.exe /c /ZI /nologo /W3 /WX- /Od /Oy- /D _MBCS /Gm /EHsc /RTC1 /MD /GS /fp:precise /Zc:wchar_t /Zc:forScope /Fo"Debug\\" /Fd"Debug\vc110.pdb" /Gd /TP /analyze- /errorReport:prompt Game.cpp
         Game.cpp
     1>c:\cult game dev\cult-game\sdl_base\sdl_base\game.cpp(36): warning C4018: '>' : signed/unsigned mismatch
       Link:
         F:\Program Files (x86)\Microsoft Visual Studio 11.0\VC\bin\link.exe /ERRORREPORT:PROMPT /OUT:"C:\Cult Game Dev\Cult-Game\SDL_Base\Debug\SDL_Base.exe" /INCREMENTAL /NOLOGO SDL2.lib SDL2main.lib kernel32.lib user32.lib gdi32.lib winspool.lib comdlg32.lib advapi32.lib shell32.lib ole32.lib oleaut32.lib uuid.lib odbc32.lib odbccp32.lib /MANIFEST /MANIFESTUAC:"level='asInvoker' uiAccess='false'" /manifest:embed /DEBUG /PDB:"C:\Cult Game Dev\Cult-Game\SDL_Base\Debug\SDL_Base.pdb" /SUBSYSTEM:CONSOLE /TLBID:1 /DYNAMICBASE /NXCOMPAT /IMPLIB:"C:\Cult Game Dev\Cult-Game\SDL_Base\Debug\SDL_Base.lib" /MACHINE:X86 Debug\Game.obj
         Debug\GlobalCult.obj
         Debug\main.obj
         Debug\Region.obj
         Debug\regionCult.obj
         Debug\Resource.obj
         Debug\Statistic.obj
         Debug\trait.obj
         Debug\World.obj
         SDL_Base.vcxproj -> C:\Cult Game Dev\Cult-Game\SDL_Base\Debug\SDL_Base.exe
     1>Done Building Project "C:\Cult Game Dev\Cult-Game\SDL_Base\SDL_Base\SDL_Base.vcxproj" (Build target(s)).

Build succeeded.

Time Elapsed 00:00:01.17
